Compiled jquery.js  (2ms)  (pid 5027)
Compiled jquery_ujs.js  (0ms)  (pid 5027)
Compiled static_pages.js  (573ms)  (pid 5027)
Compiled users.js  (135ms)  (pid 5027)
Compiled application.js  (734ms)  (pid 5027)
Compiled custom.css  (1281ms)  (pid 5027)
Compiled static_pages.css  (1ms)  (pid 5027)
Compiled users.css  (1ms)  (pid 5027)
Compiled application.css  (1301ms)  (pid 5027)
Compiled jquery.js  (2ms)  (pid 5027)
Compiled jquery_ujs.js  (0ms)  (pid 5027)
Compiled static_pages.js  (172ms)  (pid 5027)
Compiled users.js  (136ms)  (pid 5027)
Compiled application.js  (333ms)  (pid 5027)
Compiled custom.css  (1204ms)  (pid 5027)
Compiled static_pages.css  (1ms)  (pid 5027)
Compiled users.css  (1ms)  (pid 5027)
Compiled application.css  (1223ms)  (pid 5027)
Compiled jquery.js  (2ms)  (pid 5247)
Compiled jquery_ujs.js  (0ms)  (pid 5247)
Compiled static_pages.js  (160ms)  (pid 5247)
Compiled users.js  (134ms)  (pid 5247)
Compiled application.js  (338ms)  (pid 5247)
Compiled custom.css  (1217ms)  (pid 5247)
Compiled static_pages.css  (1ms)  (pid 5247)
Compiled users.css  (1ms)  (pid 5247)
Compiled application.css  (1237ms)  (pid 5247)
Compiled jquery.js  (2ms)  (pid 5247)
Compiled jquery_ujs.js  (0ms)  (pid 5247)
Compiled static_pages.js  (179ms)  (pid 5247)
Compiled users.js  (133ms)  (pid 5247)
Compiled application.js  (338ms)  (pid 5247)
Compiled custom.css  (1194ms)  (pid 5247)
Compiled static_pages.css  (1ms)  (pid 5247)
Compiled users.css  (1ms)  (pid 5247)
Compiled application.css  (1212ms)  (pid 5247)
Compiled jquery.js  (2ms)  (pid 4262)
Compiled jquery_ujs.js  (0ms)  (pid 4262)
Compiled static_pages.js  (559ms)  (pid 4262)
Compiled users.js  (137ms)  (pid 4262)
Compiled application.js  (759ms)  (pid 4262)
Compiled custom.css  (1361ms)  (pid 4262)
Compiled static_pages.css  (1ms)  (pid 4262)
Compiled users.css  (1ms)  (pid 4262)
Compiled application.css  (1381ms)  (pid 4262)
Compiled jquery.js  (2ms)  (pid 4262)
Compiled jquery_ujs.js  (0ms)  (pid 4262)
Compiled static_pages.js  (162ms)  (pid 4262)
Compiled users.js  (135ms)  (pid 4262)
Compiled application.js  (339ms)  (pid 4262)
Compiled custom.css  (1354ms)  (pid 4262)
Compiled static_pages.css  (1ms)  (pid 4262)
Compiled users.css  (1ms)  (pid 4262)
Compiled application.css  (1373ms)  (pid 4262)
Compiled jquery.js  (2ms)  (pid 2568)
Compiled jquery_ujs.js  (0ms)  (pid 2568)
Compiled bootstrap-transition.js  (0ms)  (pid 2568)
Compiled bootstrap-alert.js  (0ms)  (pid 2568)
Compiled bootstrap-button.js  (0ms)  (pid 2568)
Compiled bootstrap-carousel.js  (0ms)  (pid 2568)
Compiled bootstrap-collapse.js  (0ms)  (pid 2568)
Compiled bootstrap-dropdown.js  (0ms)  (pid 2568)
Compiled bootstrap-modal.js  (0ms)  (pid 2568)
Compiled bootstrap-scrollspy.js  (0ms)  (pid 2568)
Compiled bootstrap-tab.js  (0ms)  (pid 2568)
Compiled bootstrap-tooltip.js  (0ms)  (pid 2568)
Compiled bootstrap-popover.js  (0ms)  (pid 2568)
Compiled bootstrap-typeahead.js  (0ms)  (pid 2568)
Compiled bootstrap.js  (102ms)  (pid 2568)
Compiled sessions.js  (615ms)  (pid 2568)
Compiled static_pages.js  (135ms)  (pid 2568)
Compiled users.js  (137ms)  (pid 2568)
Compiled application.js  (1122ms)  (pid 2568)
Compiled custom.css  (1493ms)  (pid 2568)
Compiled sessions.css  (1ms)  (pid 2568)
Compiled static_pages.css  (1ms)  (pid 2568)
Compiled users.css  (1ms)  (pid 2568)
Compiled application.css  (1559ms)  (pid 2568)
Compiled jquery.js  (2ms)  (pid 2568)
Compiled jquery_ujs.js  (0ms)  (pid 2568)
Compiled bootstrap-transition.js  (0ms)  (pid 2568)
Compiled bootstrap-alert.js  (0ms)  (pid 2568)
Compiled bootstrap-button.js  (0ms)  (pid 2568)
Compiled bootstrap-carousel.js  (0ms)  (pid 2568)
Compiled bootstrap-collapse.js  (0ms)  (pid 2568)
Compiled bootstrap-dropdown.js  (0ms)  (pid 2568)
Compiled bootstrap-modal.js  (0ms)  (pid 2568)
Compiled bootstrap-scrollspy.js  (0ms)  (pid 2568)
Compiled bootstrap-tab.js  (0ms)  (pid 2568)
Compiled bootstrap-tooltip.js  (0ms)  (pid 2568)
Compiled bootstrap-popover.js  (0ms)  (pid 2568)
Compiled bootstrap-typeahead.js  (0ms)  (pid 2568)
Compiled bootstrap.js  (88ms)  (pid 2568)
Compiled sessions.js  (168ms)  (pid 2568)
Compiled static_pages.js  (156ms)  (pid 2568)
Compiled users.js  (135ms)  (pid 2568)
Compiled application.js  (603ms)  (pid 2568)
Compiled custom.css  (1397ms)  (pid 2568)
Compiled sessions.css  (1ms)  (pid 2568)
Compiled static_pages.css  (1ms)  (pid 2568)
Compiled users.css  (0ms)  (pid 2568)
Compiled application.css  (1448ms)  (pid 2568)
Compiled jquery.js  (2ms)  (pid 2687)
Compiled jquery_ujs.js  (0ms)  (pid 2687)
Compiled bootstrap-transition.js  (0ms)  (pid 2687)
Compiled bootstrap-alert.js  (0ms)  (pid 2687)
Compiled bootstrap-button.js  (0ms)  (pid 2687)
Compiled bootstrap-carousel.js  (0ms)  (pid 2687)
Compiled bootstrap-collapse.js  (0ms)  (pid 2687)
Compiled bootstrap-dropdown.js  (0ms)  (pid 2687)
Compiled bootstrap-modal.js  (0ms)  (pid 2687)
Compiled bootstrap-scrollspy.js  (0ms)  (pid 2687)
Compiled bootstrap-tab.js  (0ms)  (pid 2687)
Compiled bootstrap-tooltip.js  (0ms)  (pid 2687)
Compiled bootstrap-popover.js  (0ms)  (pid 2687)
Compiled bootstrap-typeahead.js  (0ms)  (pid 2687)
Compiled bootstrap.js  (90ms)  (pid 2687)
Compiled sessions.js  (165ms)  (pid 2687)
Compiled static_pages.js  (134ms)  (pid 2687)
Compiled users.js  (134ms)  (pid 2687)
Compiled application.js  (600ms)  (pid 2687)
Compiled custom.css  (1343ms)  (pid 2687)
Compiled sessions.css  (1ms)  (pid 2687)
Compiled static_pages.css  (1ms)  (pid 2687)
Compiled users.css  (1ms)  (pid 2687)
Compiled application.css  (1366ms)  (pid 2687)
Compiled jquery.js  (2ms)  (pid 2687)
Compiled jquery_ujs.js  (0ms)  (pid 2687)
Compiled bootstrap-transition.js  (0ms)  (pid 2687)
Compiled bootstrap-alert.js  (0ms)  (pid 2687)
Compiled bootstrap-button.js  (0ms)  (pid 2687)
Compiled bootstrap-carousel.js  (0ms)  (pid 2687)
Compiled bootstrap-collapse.js  (0ms)  (pid 2687)
Compiled bootstrap-dropdown.js  (0ms)  (pid 2687)
Compiled bootstrap-modal.js  (0ms)  (pid 2687)
Compiled bootstrap-scrollspy.js  (0ms)  (pid 2687)
Compiled bootstrap-tab.js  (0ms)  (pid 2687)
Compiled bootstrap-tooltip.js  (0ms)  (pid 2687)
Compiled bootstrap-popover.js  (0ms)  (pid 2687)
Compiled bootstrap-typeahead.js  (0ms)  (pid 2687)
Compiled bootstrap.js  (91ms)  (pid 2687)
Compiled sessions.js  (169ms)  (pid 2687)
Compiled static_pages.js  (159ms)  (pid 2687)
Compiled users.js  (138ms)  (pid 2687)
Compiled application.js  (616ms)  (pid 2687)
Compiled custom.css  (1360ms)  (pid 2687)
Compiled sessions.css  (1ms)  (pid 2687)
Compiled static_pages.css  (1ms)  (pid 2687)
Compiled users.css  (1ms)  (pid 2687)
Compiled application.css  (1412ms)  (pid 2687)
Compiled jquery.js  (19ms)  (pid 3779)
Compiled jquery_ujs.js  (0ms)  (pid 3779)
Compiled bootstrap-transition.js  (0ms)  (pid 3779)
Compiled bootstrap-alert.js  (0ms)  (pid 3779)
Compiled bootstrap-button.js  (0ms)  (pid 3779)
Compiled bootstrap-carousel.js  (0ms)  (pid 3779)
Compiled bootstrap-collapse.js  (0ms)  (pid 3779)
Compiled bootstrap-dropdown.js  (0ms)  (pid 3779)
Compiled bootstrap-modal.js  (0ms)  (pid 3779)
Compiled bootstrap-scrollspy.js  (0ms)  (pid 3779)
Compiled bootstrap-tab.js  (0ms)  (pid 3779)
Compiled bootstrap-tooltip.js  (0ms)  (pid 3779)
Compiled bootstrap-popover.js  (0ms)  (pid 3779)
Compiled bootstrap-typeahead.js  (0ms)  (pid 3779)
Compiled bootstrap.js  (109ms)  (pid 3779)
Compiled micropost_form.js  (0ms)  (pid 3779)
Compiled sessions.js  (627ms)  (pid 3779)
Compiled static_pages.js  (136ms)  (pid 3779)
Compiled users.js  (136ms)  (pid 3779)
Compiled application.js  (1083ms)  (pid 3779)
Compiled custom.css  (1438ms)  (pid 3779)
Compiled sessions.css  (1ms)  (pid 3779)
Compiled static_pages.css  (1ms)  (pid 3779)
Compiled users.css  (1ms)  (pid 3779)
Compiled application.css  (1463ms)  (pid 3779)
Compiled jquery.js  (2ms)  (pid 3779)
Compiled jquery_ujs.js  (0ms)  (pid 3779)
Compiled bootstrap-transition.js  (0ms)  (pid 3779)
Compiled bootstrap-alert.js  (0ms)  (pid 3779)
Compiled bootstrap-button.js  (0ms)  (pid 3779)
Compiled bootstrap-carousel.js  (0ms)  (pid 3779)
Compiled bootstrap-collapse.js  (0ms)  (pid 3779)
Compiled bootstrap-dropdown.js  (0ms)  (pid 3779)
Compiled bootstrap-modal.js  (0ms)  (pid 3779)
Compiled bootstrap-scrollspy.js  (0ms)  (pid 3779)
Compiled bootstrap-tab.js  (0ms)  (pid 3779)
Compiled bootstrap-tooltip.js  (0ms)  (pid 3779)
Compiled bootstrap-popover.js  (0ms)  (pid 3779)
Compiled bootstrap-typeahead.js  (0ms)  (pid 3779)
Compiled bootstrap.js  (102ms)  (pid 3779)
Compiled micropost_form.js  (0ms)  (pid 3779)
Compiled sessions.js  (172ms)  (pid 3779)
Compiled static_pages.js  (160ms)  (pid 3779)
Compiled users.js  (143ms)  (pid 3779)
Compiled application.js  (651ms)  (pid 3779)
Compiled custom.css  (1408ms)  (pid 3779)
Compiled sessions.css  (1ms)  (pid 3779)
Compiled static_pages.css  (1ms)  (pid 3779)
Compiled users.css  (0ms)  (pid 3779)
Compiled application.css  (1431ms)  (pid 3779)
Compiled jquery.js  (19ms)  (pid 3879)
Compiled jquery_ujs.js  (0ms)  (pid 3879)
Compiled bootstrap-transition.js  (0ms)  (pid 3879)
Compiled bootstrap-alert.js  (0ms)  (pid 3879)
Compiled bootstrap-button.js  (0ms)  (pid 3879)
Compiled bootstrap-carousel.js  (0ms)  (pid 3879)
Compiled bootstrap-collapse.js  (0ms)  (pid 3879)
Compiled bootstrap-dropdown.js  (0ms)  (pid 3879)
Compiled bootstrap-modal.js  (0ms)  (pid 3879)
Compiled bootstrap-scrollspy.js  (0ms)  (pid 3879)
Compiled bootstrap-tab.js  (0ms)  (pid 3879)
Compiled bootstrap-tooltip.js  (0ms)  (pid 3879)
Compiled bootstrap-popover.js  (0ms)  (pid 3879)
Compiled bootstrap-typeahead.js  (0ms)  (pid 3879)
Compiled bootstrap.js  (91ms)  (pid 3879)
Compiled micropost_form.js  (0ms)  (pid 3879)
Compiled sessions.js  (185ms)  (pid 3879)
Compiled static_pages.js  (136ms)  (pid 3879)
Compiled users.js  (135ms)  (pid 3879)
Compiled application.js  (609ms)  (pid 3879)
Compiled custom.css  (1368ms)  (pid 3879)
Compiled sessions.css  (1ms)  (pid 3879)
Compiled static_pages.css  (1ms)  (pid 3879)
Compiled users.css  (1ms)  (pid 3879)
Compiled application.css  (1392ms)  (pid 3879)
Compiled jquery.js  (2ms)  (pid 3879)
Compiled jquery_ujs.js  (0ms)  (pid 3879)
Compiled bootstrap-transition.js  (0ms)  (pid 3879)
Compiled bootstrap-alert.js  (0ms)  (pid 3879)
Compiled bootstrap-button.js  (0ms)  (pid 3879)
Compiled bootstrap-carousel.js  (0ms)  (pid 3879)
Compiled bootstrap-collapse.js  (0ms)  (pid 3879)
Compiled bootstrap-dropdown.js  (0ms)  (pid 3879)
Compiled bootstrap-modal.js  (0ms)  (pid 3879)
Compiled bootstrap-scrollspy.js  (0ms)  (pid 3879)
Compiled bootstrap-tab.js  (0ms)  (pid 3879)
Compiled bootstrap-tooltip.js  (0ms)  (pid 3879)
Compiled bootstrap-popover.js  (0ms)  (pid 3879)
Compiled bootstrap-typeahead.js  (0ms)  (pid 3879)
Compiled bootstrap.js  (88ms)  (pid 3879)
Compiled micropost_form.js  (0ms)  (pid 3879)
Compiled sessions.js  (166ms)  (pid 3879)
Compiled static_pages.js  (155ms)  (pid 3879)
Compiled users.js  (134ms)  (pid 3879)
Compiled application.js  (604ms)  (pid 3879)
Compiled custom.css  (1328ms)  (pid 3879)
Compiled sessions.css  (1ms)  (pid 3879)
Compiled static_pages.css  (1ms)  (pid 3879)
Compiled users.css  (1ms)  (pid 3879)
Compiled application.css  (1351ms)  (pid 3879)
